<?xml version="1.0" encoding="UTF-8"?>
<testng-results ignored="0" total="1" passed="1" failed="0" skipped="0">
  <reporter-output>
  </reporter-output>
  <suite started-at="2022-11-28T14:51:26 CET" name="Default suite" finished-at="2022-11-28T14:51:28 CET" duration-ms="2098">
    <groups>
    </groups>
    <test started-at="2022-11-28T14:51:26 CET" name="Default test" finished-at="2022-11-28T14:51:28 CET" duration-ms="2098">
      <class name="selenium.TestSelenium">
        <test-method is-config="true" signature="setUpClass()[pri:0, instance:selenium.TestSelenium@7ce3cb8e]" started-at="2022-11-28T14:51:26 CET" name="setUpClass" finished-at="2022-11-28T14:51:26 CET" duration-ms="3" status="PASS">
          <reporter-output>
          </reporter-output>
        </test-method> <!-- setUpClass -->
        <test-method is-config="true" signature="setUpMethod()[pri:0, instance:selenium.TestSelenium@7ce3cb8e]" started-at="2022-11-28T14:51:26 CET" name="setUpMethod" finished-at="2022-11-28T14:51:27 CET" duration-ms="1653" status="PASS">
          <reporter-output>
          </reporter-output>
        </test-method> <!-- setUpMethod -->
        <test-method signature="TestApp()[pri:0, instance:selenium.TestSelenium@7ce3cb8e]" started-at="2022-11-28T14:51:27 CET" name="TestApp" finished-at="2022-11-28T14:51:28 CET" duration-ms="321" status="PASS">
          <reporter-output>
          </reporter-output>
        </test-method> <!-- TestApp -->
        <test-method is-config="true" signature="cleanUp()[pri:0, instance:selenium.TestSelenium@7ce3cb8e]" started-at="2022-11-28T14:51:28 CET" name="cleanUp" finished-at="2022-11-28T14:51:28 CET" duration-ms="102" status="PASS">
          <reporter-output>
          </reporter-output>
        </test-method> <!-- cleanUp -->
        <test-method is-config="true" signature="cleanUpClass()[pri:0, instance:selenium.TestSelenium@7ce3cb8e]" started-at="2022-11-28T14:51:28 CET" name="cleanUpClass" finished-at="2022-11-28T14:51:28 CET" duration-ms="0" status="PASS">
          <reporter-output>
          </reporter-output>
        </test-method> <!-- cleanUpClass -->
      </class> <!-- selenium.TestSelenium -->
    </test> <!-- Default test -->
  </suite> <!-- Default suite -->
</testng-results>
